0 info it worked if it ends with ok
1 verbose cli [ '/usr/bin/nodejs', '/usr/bin/npm', 'start' ]
2 info using npm@2.15.0
3 info using node@v4.4.2
4 verbose run-script [ 'prestart', 'start', 'poststart' ]
5 info prestart htop-as-a-service@1.0.0
6 info start htop-as-a-service@1.0.0
7 verbose unsafe-perm in lifecycle true
8 info htop-as-a-service@1.0.0 Failed to exec start script
9 verbose stack Error: htop-as-a-service@1.0.0 start: `node index.js`
9 verbose stack Exit status 1
9 verbose stack     at EventEmitter.<anonymous> (/usr/lib/node_modules/npm/lib/utils/lifecycle.js:217:16)
9 verbose stack     at emitTwo (events.js:87:13)
9 verbose stack     at EventEmitter.emit (events.js:172:7)
9 verbose stack     at ChildProcess.<anonymous> (/usr/lib/node_modules/npm/lib/utils/spawn.js:24:14)
9 verbose stack     at emitTwo (events.js:87:13)
9 verbose stack     at ChildProcess.emit (events.js:172:7)
9 verbose stack     at maybeClose (internal/child_process.js:827:16)
9 verbose stack     at Process.ChildProcess._handle.onexit (internal/child_process.js:211:5)
10 verbose pkgid htop-as-a-service@1.0.0
11 verbose cwd /home/bundz/Projects/UFPel/htop-as-a-service/lib
12 error Linux 3.16.0-4-amd64
13 error argv "/usr/bin/nodejs" "/usr/bin/npm" "start"
14 error node v4.4.2
15 error npm  v2.15.0
16 error code ELIFECYCLE
17 error htop-as-a-service@1.0.0 start: `node index.js`
17 error Exit status 1
18 error Failed at the htop-as-a-service@1.0.0 start script 'node index.js'.
18 error This is most likely a problem with the htop-as-a-service package,
18 error not with npm itself.
18 error Tell the author that this fails on your system:
18 error     node index.js
18 error You can get information on how to open an issue for this project with:
18 error     npm bugs htop-as-a-service
18 error Or if that isn't available, you can get their info via:
18 error
18 error     npm owner ls htop-as-a-service
18 error There is likely additional logging output above.
19 verbose exit [ 1, true ]
